number,value,datetime_start,datetime_complete,duration,params_colsample_bytree,params_learning_rate,params_max_depth,params_min_child_weight,params_n_estimators,params_reg_alpha,params_reg_lambda,params_subsample,user_attrs_rmse,system_attrs_tpe:relative_params:0,state
0,0.10625547826913981,2026-09-09 15:21:01.456389,2026-09-09 15:21:04.971155,0 days 00:00:03.514766,0.9914800720378383,0.01838666761539615,4,6,562,0.018449399037220888,0.028053244451948463,0.5499933421893097,3.7386043095820916,,COMPLETE
1,0.11359803452491479,2026-09-09 15:21:04.972156,2026-09-09 15:21:10.665398,0 days 00:00:05.693242,0.6356270248762039,0.273810005254419,8,3,666,2.6383695506825686e-07,2.0594363523032908e-08,0.7551434281665117,4.110906624333018,,COMPLETE
2,0.10446839677674112,2026-09-09 15:21:10.666403,2026-09-09 15:21:15.302995,0 days 00:00:04.636592,0.8332791691713883,0.01726758115540446,10,20,401,0.9779824149510004,0.10451717401552016,0.5016728427069221,3.6705687891719125,,COMPLETE
3,0.10766081728901983,2026-09-09 15:21:15.304120,2026-09-09 15:21:18.118183,0 days 00:00:02.814063,0.790583957170466,0.017502051961869162,3,6,494,1.7749959007932065e-07,0.1975095329587992,0.5311075789918182,3.8039502067971824,,COMPLETE
4,0.10520415890419818,2026-09-09 15:21:18.119183,2026-09-09 15:21:25.246404,0 days 00:00:07.127221,0.5354596814465271,0.040989970425031864,9,10,796,4.595110219000545e-08,9.098530249629893e-08,0.5529889179391299,3.7250646599070905,,COMPLETE
5,0.11477965314263062,2026-09-09 15:21:25.246404,2026-09-09 15:21:28.136016,0 days 00:00:02.889612,0.5686418934417491,0.28120172535016924,10,8,258,0.04474417800838346,5.405761146279805e-06,0.540729270545735,4.2104210065940775,,COMPLETE
6,0.10471433016994663,2026-09-09 15:21:28.136016,2026-09-09 15:21:36.442738,0 days 00:00:08.306722,0.8479072784177966,0.023815186802944328,10,12,784,3.3962963586827585e-08,0.19915436449494175,0.7194986213790668,3.7022283559729345,,COMPLETE
7,0.10481833006825744,2026-09-09 15:21:36.442738,2026-09-09 15:21:37.478345,0 days 00:00:01.035607,0.9357934290167752,0.2672341979077024,4,9,174,5.780019212727735e-07,2.0931581224547465e-07,0.9800424552164277,3.6910342865649395,,COMPLETE
8,0.10585921337016384,2026-09-09 15:21:37.479345,2026-09-09 15:21:42.293409,0 days 00:00:04.814064,0.824742254482524,0.16274259364158608,5,15,757,0.0001737833977088991,2.641548330555937,0.6191442202097622,3.768710633102018,,COMPLETE
9,0.1044011636091164,2026-09-09 15:21:42.293409,2026-09-09 15:21:46.724297,0 days 00:00:04.430888,0.5411581234005258,0.012475044567353929,7,5,583,3.676715611806762e-08,0.001932234981273935,0.9718661865435809,3.658072619438588,,COMPLETE
10,0.10467725194769635,2026-09-09 15:21:46.724297,2026-09-09 15:21:50.728308,0 days 00:00:04.004011,0.5828571683777154,0.010738671831366592,7,9,501,8.914688044753975e-06,9.461753681099364e-06,0.6949148769924466,3.6727876571747498,"{""colsample_bytree"": 0.5828571683777154, ""learning_rate"": 0.010738671831366592, ""max_depth"": 7, ""min_child_weight"": 9, ""n_estimators"": 501, ""reg_alpha"": 8.914688044753975e-06, ""reg_lambda"": 9.461753681099364e-06, ""subsample"": 0.6949148769924466}",COMPLETE
11,0.10407858495513453,2026-09-09 15:21:50.728308,2026-09-09 15:21:55.428865,0 days 00:00:04.700557,0.5873101184983085,0.026550332431261425,9,16,514,0.15114539691660941,0.020170219435128863,0.9313816054486383,3.658033396301372,"{""colsample_bytree"": 0.5873101184983085, ""learning_rate"": 0.026550332431261425, ""max_depth"": 9, ""min_child_weight"": 16, ""n_estimators"": 514, ""reg_alpha"": 0.15114539691660941, ""reg_lambda"": 0.020170219435128863, ""subsample"": 0.9313816054486383}",COMPLETE
12,0.10425211625268933,2026-09-09 15:21:55.428865,2026-09-09 15:22:01.875288,0 days 00:00:06.446423,0.6484329135530043,0.02140663092439847,10,11,569,0.213662812257862,0.0014383638008341778,0.9278048627124189,3.668757475384472,"{""colsample_bytree"": 0.6484329135530043, ""learning_rate"": 0.02140663092439847, ""max_depth"": 10, ""min_child_weight"": 11, ""n_estimators"": 569, ""reg_alpha"": 0.213662812257862, ""reg_lambda"": 0.0014383638008341778, ""subsample"": 0.9278048627124189}",COMPLETE
13,0.10471687316773884,2026-09-09 15:22:01.875288,2026-09-09 15:22:09.285822,0 days 00:00:07.410534,0.590329930226918,0.033361385377209174,10,14,740,1.2270229720166042,0.6233458721236662,0.860677003766203,3.702193183998028,"{""colsample_bytree"": 0.590329930226918, ""learning_rate"": 0.033361385377209174, ""max_depth"": 10, ""min_child_weight"": 14, ""n_estimators"": 740, ""reg_alpha"": 1.2270229720166042, ""reg_lambda"": 0.6233458721236662, ""subsample"": 0.860677003766203}",COMPLETE
14,0.10428456872640567,2026-09-09 15:22:09.286755,2026-09-09 15:22:14.652237,0 days 00:00:05.365482,0.7040112817312519,0.020203392745533708,9,10,537,0.001283853856553409,0.0010823218519298613,0.8671627288563967,3.665660958242697,"{""colsample_bytree"": 0.7040112817312519, ""learning_rate"": 0.020203392745533708, ""max_depth"": 9, ""min_child_weight"": 10, ""n_estimators"": 537, ""reg_alpha"": 0.001283853856553409, ""reg_lambda"": 0.0010823218519298613, ""subsample"": 0.8671627288563967}",COMPLETE
15,0.10402948620346131,2026-09-09 15:22:14.653250,2026-09-09 15:22:18.656919,0 days 00:00:04.003669,0.5967348172856108,0.03558794878290258,7,17,557,0.07318157239175498,0.029038432770244253,0.9683547039543347,3.648384153982869,"{""colsample_bytree"": 0.5967348172856108, ""learning_rate"": 0.03558794878290258, ""max_depth"": 7, ""min_child_weight"": 17, ""n_estimators"": 557, ""reg_alpha"": 0.07318157239175498, ""reg_lambda"": 0.029038432770244253, ""subsample"": 0.9683547039543347}",COMPLETE
16,0.10452000124245034,2026-09-09 15:22:18.657987,2026-09-09 15:22:22.277124,0 days 00:00:03.619137,0.549964867440789,0.013763376797208427,7,12,463,0.46440763269725027,0.0022692143440927893,0.9369396288847103,3.6641159239779433,"{""colsample_bytree"": 0.549964867440789, ""learning_rate"": 0.013763376797208427, ""max_depth"": 7, ""min_child_weight"": 12, ""n_estimators"": 463, ""reg_alpha"": 0.46440763269725027, ""reg_lambda"": 0.0022692143440927893, ""subsample"": 0.9369396288847103}",COMPLETE
17,0.10407794538089297,2026-09-09 15:22:22.278118,2026-09-09 15:22:27.538800,0 days 00:00:05.260682,0.6806459775559786,0.03680393030345198,8,20,681,0.09158651571525407,0.0874615004488047,0.9432026533019613,3.663086526789687,"{""colsample_bytree"": 0.6806459775559786, ""learning_rate"": 0.03680393030345198, ""max_depth"": 8, ""min_child_weight"": 20, ""n_estimators"": 681, ""reg_alpha"": 0.09158651571525407, ""reg_lambda"": 0.0874615004488047, ""subsample"": 0.9432026533019613}",COMPLETE
18,0.10420383995452746,2026-09-09 15:22:27.539798,2026-09-09 15:22:31.096816,0 days 00:00:03.557018,0.7452227982670749,0.06907085689690255,7,15,495,0.027365596051667867,1.496025182673997,0.953053290848242,3.6661603287531244,"{""colsample_bytree"": 0.7452227982670749, ""learning_rate"": 0.06907085689690255, ""max_depth"": 7, ""min_child_weight"": 15, ""n_estimators"": 495, ""reg_alpha"": 0.027365596051667867, ""reg_lambda"": 1.496025182673997, ""subsample"": 0.953053290848242}",COMPLETE
19,0.10404572071124374,2026-09-09 15:22:31.096816,2026-09-09 15:22:35.708412,0 days 00:00:04.611596,0.6661587146878596,0.02850750965605146,7,16,637,0.00980230148187484,0.05382422226529486,0.9581374576147899,3.649127994770938,"{""colsample_bytree"": 0.6661587146878596, ""learning_rate"": 0.02850750965605146, ""max_depth"": 7, ""min_child_weight"": 16, ""n_estimators"": 637, ""reg_alpha"": 0.00980230148187484, ""reg_lambda"": 0.05382422226529486, ""subsample"": 0.9581374576147899}",COMPLETE
20,0.10416920953978924,2026-09-09 15:22:35.709411,2026-09-09 15:22:40.484999,0 days 00:00:04.775588,0.6882768894334221,0.027503481067269703,9,20,535,0.0007456517812699612,0.0056783523596910515,0.8777626027802704,3.6627045306481714,"{""colsample_bytree"": 0.6882768894334221, ""learning_rate"": 0.027503481067269703, ""max_depth"": 9, ""min_child_weight"": 20, ""n_estimators"": 535, ""reg_alpha"": 0.0007456517812699612, ""reg_lambda"": 0.0056783523596910515, ""subsample"": 0.8777626027802704}",COMPLETE
21,0.10434725154346935,2026-09-09 15:22:40.484999,2026-09-09 15:22:45.982483,0 days 00:00:05.497484,0.6525219517488464,0.0407286591539642,8,19,715,0.15202046044490874,0.0027507222097148173,0.8880515072751609,3.6770812326854214,"{""colsample_bytree"": 0.6525219517488464, ""learning_rate"": 0.0407286591539642, ""max_depth"": 8, ""min_child_weight"": 19, ""n_estimators"": 715, ""reg_alpha"": 0.15202046044490874, ""reg_lambda"": 0.0027507222097148173, ""subsample"": 0.8880515072751609}",COMPLETE
22,0.10405279869607739,2026-09-09 15:22:45.983485,2026-09-09 15:22:51.236922,0 days 00:00:05.253437,0.6828017555135985,0.022060031432865203,8,19,653,0.0021000763740343237,0.7037011129597134,0.9040928576219769,3.6506524273190073,"{""colsample_bytree"": 0.6828017555135985, ""learning_rate"": 0.022060031432865203, ""max_depth"": 8, ""min_child_weight"": 19, ""n_estimators"": 653, ""reg_alpha"": 0.0021000763740343237, ""reg_lambda"": 0.7037011129597134, ""subsample"": 0.9040928576219769}",COMPLETE
23,0.1040978824561766,2026-09-09 15:22:51.237857,2026-09-09 15:22:55.258412,0 days 00:00:04.020555,0.548899759328001,0.030550576649867545,6,18,614,0.34716737444682993,0.005757321222915508,0.9923642239545416,3.642414962681691,"{""colsample_bytree"": 0.548899759328001, ""learning_rate"": 0.030550576649867545, ""max_depth"": 6, ""min_child_weight"": 18, ""n_estimators"": 614, ""reg_alpha"": 0.34716737444682993, ""reg_lambda"": 0.005757321222915508, ""subsample"": 0.9923642239545416}",COMPLETE
24,0.10417428137833423,2026-09-09 15:22:55.258412,2026-09-09 15:22:59.712508,0 days 00:00:04.454096,0.7844846389378555,0.02066726010347575,7,19,607,0.00989653189142363,0.008343108314317348,0.9702352496205444,3.649637742862317,"{""colsample_bytree"": 0.7844846389378555, ""learning_rate"": 0.02066726010347575, ""max_depth"": 7, ""min_child_weight"": 19, ""n_estimators"": 607, ""reg_alpha"": 0.00989653189142363, ""reg_lambda"": 0.008343108314317348, ""subsample"": 0.9702352496205444}",COMPLETE
25,0.10414713557849588,2026-09-09 15:22:59.712508,2026-09-09 15:23:03.928521,0 days 00:00:04.216013,0.6759981581628534,0.03895792853667734,6,18,631,0.0018028468199549127,0.019036502256558754,0.8338697936685582,3.648477143596156,"{""colsample_bytree"": 0.6759981581628534, ""learning_rate"": 0.03895792853667734, ""max_depth"": 6, ""min_child_weight"": 18, ""n_estimators"": 631, ""reg_alpha"": 0.0018028468199549127, ""reg_lambda"": 0.019036502256558754, ""subsample"": 0.8338697936685582}",COMPLETE
26,0.1041347807409579,2026-09-09 15:23:03.929410,2026-09-09 15:23:09.480875,0 days 00:00:05.551465,0.6705916462962311,0.031856400489532345,8,16,689,1.3522276209788218,1.4180037778113586,0.9617583214483085,3.661281662428486,"{""colsample_bytree"": 0.6705916462962311, ""learning_rate"": 0.031856400489532345, ""max_depth"": 8, ""min_child_weight"": 16, ""n_estimators"": 689, ""reg_alpha"": 1.3522276209788218, ""reg_lambda"": 1.4180037778113586, ""subsample"": 0.9617583214483085}",COMPLETE
27,0.10415888135267044,2026-09-09 15:23:09.481878,2026-09-09 15:23:14.251647,0 days 00:00:04.769769,0.806180983946111,0.018489944984612743,7,17,638,0.016240079551064743,0.04193315422678332,0.856746328798874,3.6514363966593626,"{""colsample_bytree"": 0.806180983946111, ""learning_rate"": 0.018489944984612743, ""max_depth"": 7, ""min_child_weight"": 17, ""n_estimators"": 638, ""reg_alpha"": 0.016240079551064743, ""reg_lambda"": 0.04193315422678332, ""subsample"": 0.856746328798874}",COMPLETE
28,0.1041607074182206,2026-09-09 15:23:14.251647,2026-09-09 15:23:18.342472,0 days 00:00:04.090825,0.5604072879305554,0.04838481132924522,8,16,528,0.0072748791734395905,0.11011405638723715,0.9828469681449402,3.66359887656235,"{""colsample_bytree"": 0.5604072879305554, ""learning_rate"": 0.04838481132924522, ""max_depth"": 8, ""min_child_weight"": 16, ""n_estimators"": 528, ""reg_alpha"": 0.0072748791734395905, ""reg_lambda"": 0.11011405638723715, ""subsample"": 0.9828469681449402}",COMPLETE
29,0.10402608707125297,2026-09-09 15:23:18.342472,2026-09-09 15:23:24.151306,0 days 00:00:05.808834,0.669843518263533,0.02321597027796354,8,17,729,0.02505431130855671,0.9398398845741401,0.889023480836625,3.654735443062902,"{""colsample_bytree"": 0.669843518263533, ""learning_rate"": 0.02321597027796354, ""max_depth"": 8, ""min_child_weight"": 17, ""n_estimators"": 729, ""reg_alpha"": 0.02505431130855671, ""reg_lambda"": 0.9398398845741401, ""subsample"": 0.889023480836625}",COMPLETE
30,0.10401146837672659,2026-09-09 15:23:24.152314,2026-09-09 15:23:29.528039,0 days 00:00:05.375725,0.6028703551943805,0.023843721395933774,8,12,664,0.013057180958812179,0.006203367511065808,0.8958484840873544,3.6532318058778164,"{""colsample_bytree"": 0.6028703551943805, ""learning_rate"": 0.023843721395933774, ""max_depth"": 8, ""min_child_weight"": 12, ""n_estimators"": 664, ""reg_alpha"": 0.013057180958812179, ""reg_lambda"": 0.006203367511065808, ""subsample"": 0.8958484840873544}",COMPLETE
31,0.10402437044803267,2026-09-09 15:23:29.528039,2026-09-09 15:23:35.630124,0 days 00:00:06.102085,0.6498639063326606,0.014534476798831204,8,15,731,0.0035529736555853677,0.6165907897848522,0.8618499501411933,3.6453658935146906,"{""colsample_bytree"": 0.6498639063326606, ""learning_rate"": 0.014534476798831204, ""max_depth"": 8, ""min_child_weight"": 15, ""n_estimators"": 731, ""reg_alpha"": 0.0035529736555853677, ""reg_lambda"": 0.6165907897848522, ""subsample"": 0.8618499501411933}",COMPLETE
32,0.10405384010864807,2026-09-09 15:23:35.631115,2026-09-09 15:23:41.421719,0 days 00:00:05.790604,0.6072232466195595,0.0194248986781752,8,15,718,0.45172138652652666,4.949208100497782,0.8563961695474401,3.6481289656440588,"{""colsample_bytree"": 0.6072232466195595, ""learning_rate"": 0.0194248986781752, ""max_depth"": 8, ""min_child_weight"": 15, ""n_estimators"": 718, ""reg_alpha"": 0.45172138652652666, ""reg_lambda"": 4.949208100497782, ""subsample"": 0.8563961695474401}",COMPLETE
33,0.1040253368567473,2026-09-09 15:23:41.421719,2026-09-09 15:23:47.584678,0 days 00:00:06.162959,0.6831411417118562,0.015387068638103235,8,15,743,0.03008311081343832,0.06475979590791776,0.870568011847161,3.6495043627645285,"{""colsample_bytree"": 0.6831411417118562, ""learning_rate"": 0.015387068638103235, ""max_depth"": 8, ""min_child_weight"": 15, ""n_estimators"": 743, ""reg_alpha"": 0.03008311081343832, ""reg_lambda"": 0.06475979590791776, ""subsample"": 0.870568011847161}",COMPLETE
34,0.10412653434442372,2026-09-09 15:23:47.585684,2026-09-09 15:23:53.966502,0 days 00:00:06.380818,0.6571902937334084,0.022054695535025544,8,16,799,0.006670061780455274,1.8877408146751944,0.9128255952700743,3.658655080907237,"{""colsample_bytree"": 0.6571902937334084, ""learning_rate"": 0.022054695535025544, ""max_depth"": 8, ""min_child_weight"": 16, ""n_estimators"": 799, ""reg_alpha"": 0.006670061780455274, ""reg_lambda"": 1.8877408146751944, ""subsample"": 0.9128255952700743}",COMPLETE
35,0.10420707429561997,2026-09-09 15:23:53.967496,2026-09-09 15:23:58.543687,0 days 00:00:04.576191,0.6395923874711533,0.016878578919334253,7,19,612,0.007396732008649369,3.43041988710764,0.8445555380928873,3.6487700868615494,"{""colsample_bytree"": 0.6395923874711533, ""learning_rate"": 0.016878578919334253, ""max_depth"": 7, ""min_child_weight"": 19, ""n_estimators"": 612, ""reg_alpha"": 0.007396732008649369, ""reg_lambda"": 3.43041988710764, ""subsample"": 0.8445555380928873}",COMPLETE
36,0.10399873080698109,2026-09-09 15:23:58.544680,2026-09-09 15:24:04.253228,0 days 00:00:05.708548,0.6700203994120376,0.013846409717151181,8,14,665,0.00030411948923541845,0.13246208652851926,0.8828393737678579,3.646749852496523,"{""colsample_bytree"": 0.6700203994120376, ""learning_rate"": 0.013846409717151181, ""max_depth"": 8, ""min_child_weight"": 14, ""n_estimators"": 665, ""reg_alpha"": 0.00030411948923541845, ""reg_lambda"": 0.13246208652851926, ""subsample"": 0.8828393737678579}",COMPLETE
37,0.1041959171379861,2026-09-09 15:24:04.254229,2026-09-09 15:24:09.304553,0 days 00:00:05.050324,0.7043872920605668,0.029231226819731927,8,13,615,0.010339390576465959,0.596501699908243,0.8382863871173888,3.663358466907052,"{""colsample_bytree"": 0.7043872920605668, ""learning_rate"": 0.029231226819731927, ""max_depth"": 8, ""min_child_weight"": 13, ""n_estimators"": 615, ""reg_alpha"": 0.010339390576465959, ""reg_lambda"": 0.596501699908243, ""subsample"": 0.8382863871173888}",COMPLETE
38,0.10412688576997889,2026-09-09 15:24:09.304553,2026-09-09 15:24:14.336576,0 days 00:00:05.032023,0.6576432292148773,0.020092585283794834,8,15,605,0.0005817432352700494,2.284510161680527,0.8069351286203233,3.6500850908895695,"{""colsample_bytree"": 0.6576432292148773, ""learning_rate"": 0.020092585283794834, ""max_depth"": 8, ""min_child_weight"": 15, ""n_estimators"": 605, ""reg_alpha"": 0.0005817432352700494, ""reg_lambda"": 2.284510161680527, ""subsample"": 0.8069351286203233}",COMPLETE
39,0.10400875673562791,2026-09-09 15:24:14.336576,2026-09-09 15:24:21.797255,0 days 00:00:07.460679,0.6204845460255051,0.010396919320470686,9,14,733,0.4514600451702571,0.059227095457587954,0.852488065678652,3.6482886191226793,"{""colsample_bytree"": 0.6204845460255051, ""learning_rate"": 0.010396919320470686, ""max_depth"": 9, ""min_child_weight"": 14, ""n_estimators"": 733, ""reg_alpha"": 0.4514600451702571, ""reg_lambda"": 0.059227095457587954, ""subsample"": 0.852488065678652}",COMPLETE
40,0.10406241411481884,2026-09-09 15:24:21.798257,2026-09-09 15:24:29.150922,0 days 00:00:07.352665,0.5864927711694397,0.010796808892447551,9,18,744,0.850319468740698,0.021936528195096765,0.8457275358249677,3.649036855012405,"{""colsample_bytree"": 0.5864927711694397, ""learning_rate"": 0.010796808892447551, ""max_depth"": 9, ""min_child_weight"": 18, ""n_estimators"": 744, ""reg_alpha"": 0.850319468740698, ""reg_lambda"": 0.021936528195096765, ""subsample"": 0.8457275358249677}",COMPLETE
41,0.10412264435877379,2026-09-09 15:24:29.151930,2026-09-09 15:24:35.431121,0 days 00:00:06.279191,0.659649681763117,0.011449322389380812,8,15,682,0.3399051426123999,0.6103687901076253,0.8547494069870883,3.648806363451284,"{""colsample_bytree"": 0.659649681763117, ""learning_rate"": 0.011449322389380812, ""max_depth"": 8, ""min_child_weight"": 15, ""n_estimators"": 682, ""reg_alpha"": 0.3399051426123999, ""reg_lambda"": 0.6103687901076253, ""subsample"": 0.8547494069870883}",COMPLETE
42,0.10403209375799669,2026-09-09 15:24:35.432024,2026-09-09 15:24:42.668496,0 days 00:00:07.236472,0.6402816960274029,0.011653633557823506,9,13,704,0.0009330276754783204,0.2339918943476768,0.8611151557511765,3.648800131390509,"{""colsample_bytree"": 0.6402816960274029, ""learning_rate"": 0.011653633557823506, ""max_depth"": 9, ""min_child_weight"": 13, ""n_estimators"": 704, ""reg_alpha"": 0.0009330276754783204, ""reg_lambda"": 0.2339918943476768, ""subsample"": 0.8611151557511765}",COMPLETE
43,0.10407325085544875,2026-09-09 15:24:42.669490,2026-09-09 15:24:47.972695,0 days 00:00:05.303205,0.6029733927306041,0.017936246373498693,7,13,714,0.044205300106742514,0.03985488969394966,0.8499334399773282,3.647401688834802,"{""colsample_bytree"": 0.6029733927306041, ""learning_rate"": 0.017936246373498693, ""max_depth"": 7, ""min_child_weight"": 13, ""n_estimators"": 714, ""reg_alpha"": 0.044205300106742514, ""reg_lambda"": 0.03985488969394966, ""subsample"": 0.8499334399773282}",COMPLETE
44,0.1040017542337235,2026-09-09 15:24:47.972695,2026-09-09 15:24:54.303649,0 days 00:00:06.330954,0.7490766044666757,0.01819973755356749,8,12,743,0.001151607508633931,0.013507674851795293,0.9041824390487904,3.652926702538314,"{""colsample_bytree"": 0.7490766044666757, ""learning_rate"": 0.01819973755356749, ""max_depth"": 8, ""min_child_weight"": 12, ""n_estimators"": 743, ""reg_alpha"": 0.001151607508633931, ""reg_lambda"": 0.013507674851795293, ""subsample"": 0.9041824390487904}",COMPLETE
45,0.10401289206907473,2026-09-09 15:24:54.303649,2026-09-09 15:25:02.231131,0 days 00:00:07.927482,0.65468697840952,0.011998785180306478,9,16,791,2.295921521794357,0.8802306347677196,0.8275907664159496,3.6483517817893687,"{""colsample_bytree"": 0.65468697840952, ""learning_rate"": 0.011998785180306478, ""max_depth"": 9, ""min_child_weight"": 16, ""n_estimators"": 791, ""reg_alpha"": 2.295921521794357, ""reg_lambda"": 0.8802306347677196, ""subsample"": 0.8275907664159496}",COMPLETE
46,0.10400259170037247,2026-09-09 15:25:02.232130,2026-09-09 15:25:08.715599,0 days 00:00:06.483469,0.6996372435994848,0.017270584690303147,8,14,750,2.808883799906384,0.10379816208338223,0.8574430650362623,3.6492515348081653,"{""colsample_bytree"": 0.6996372435994848, ""learning_rate"": 0.017270584690303147, ""max_depth"": 8, ""min_child_weight"": 14, ""n_estimators"": 750, ""reg_alpha"": 2.808883799906384, ""reg_lambda"": 0.10379816208338223, ""subsample"": 0.8574430650362623}",COMPLETE
47,0.10426664590897906,2026-09-09 15:25:08.715599,2026-09-09 15:25:13.580523,0 days 00:00:04.864924,0.7009264911748475,0.013157715513480148,7,12,621,0.0016166937647634416,0.45196614700009297,0.9189414300954335,3.6531917749292266,"{""colsample_bytree"": 0.7009264911748475, ""learning_rate"": 0.013157715513480148, ""max_depth"": 7, ""min_child_weight"": 12, ""n_estimators"": 621, ""reg_alpha"": 0.0016166937647634416, ""reg_lambda"": 0.45196614700009297, ""subsample"": 0.9189414300954335}",COMPLETE
