number,value,datetime_start,datetime_complete,duration,params_colsample_bytree,params_learning_rate,params_max_depth,params_min_child_weight,params_n_estimators,params_reg_alpha,params_reg_lambda,params_subsample,user_attrs_rmse,system_attrs_tpe:relative_params:0,state
48,0.10401879410974996,2026-09-09 15:25:13.580523,2026-09-09 15:25:19.809597,0 days 00:00:06.229074,0.6127419831410943,0.014568349610977919,8,11,735,0.26115466315151614,0.10537367532139717,0.8548903654035762,3.6455343559068756,"{""colsample_bytree"": 0.6127419831410943, ""learning_rate"": 0.014568349610977919, ""max_depth"": 8, ""min_child_weight"": 11, ""n_estimators"": 735, ""reg_alpha"": 0.26115466315151614, ""reg_lambda"": 0.10537367532139717, ""subsample"": 0.8548903654035762}",COMPLETE
49,0.10408984616816429,2026-09-09 15:25:19.809597,2026-09-09 15:25:26.138306,0 days 00:00:06.328709,0.740902312325629,0.010994294725737474,8,15,712,0.008829544879309446,0.030106154598574228,0.867512658979087,3.648696950785738,"{""colsample_bytree"": 0.740902312325629, ""learning_rate"": 0.010994294725737474, ""max_depth"": 8, ""min_child_weight"": 15, ""n_estimators"": 712, ""reg_alpha"": 0.008829544879309446, ""reg_lambda"": 0.030106154598574228, ""subsample"": 0.867512658979087}",COMPLETE
